2018-09-22 10:39:38,872 [INFO] root - /home/wlake/Projects/job_finder/logging.conf configuration file was loaded.
2018-09-22 10:39:38,873 [INFO] root - Gathering Command Line Arguments
2018-09-22 10:39:38,873 [DEBUG] root - Less than 2 arguments provided.
2018-09-22 10:39:38,873 [INFO] root - Initializing Job Finder
2018-09-22 10:39:38,873 [INFO] root - Connecting To DB
2018-09-22 10:39:38,873 [INFO] root - Starting Job Finder
2018-09-22 10:39:38,873 [DEBUG] root - Parsing args.
2018-09-22 10:39:38,873 [DEBUG] root - No args passed.
2018-09-22 10:39:38,873 [INFO] root - Gathering and Reviewing Jobs
2018-09-22 10:39:38,873 [INFO] root - Initializing Job Emailer
2018-09-22 10:39:38,873 [DEBUG] root - Gathering Recipients
2018-09-22 10:39:38,874 [DEBUG] root - 2 Recipients Gathered
2018-09-22 10:39:38,874 [DEBUG] root - Gathering Current Jobs
2018-09-22 10:39:38,874 [DEBUG] root - 11 Jobs Gathered
2018-09-22 10:39:38,874 [INFO] root - Reviewing Jobs
2018-09-22 10:39:38,874 [INFO] root - Gathering Jobs From Site
2018-09-22 10:39:38,878 [DEBUG] urllib3.connectionpool - Starting new HTTPS connection (1): mtstatejobs.taleo.net
2018-09-22 10:39:39,597 [DEBUG] urllib3.connectionpool - https://mtstatejobs.taleo.net:443 "GET /careersection/200/jobsearch.ftl?lang=en HTTP/1.1" 200 None
2018-09-22 10:39:39,861 [DEBUG] urllib3.connectionpool - https://mtstatejobs.taleo.net:443 "POST /careersection/rest/jobboard/searchjobs?lang=en&portal=101430233 HTTP/1.1" 200 None
2018-09-22 10:39:39,940 [INFO] root - Finding Jobs to save
2018-09-22 10:39:39,941 [DEBUG] root - Found 12 Jobs To Save
2018-09-22 10:39:39,941 [DEBUG] root - Saving 12 Jobs
2018-09-22 10:39:40,247 [INFO] root - Finding Jobs to delete
2018-09-22 10:39:40,247 [DEBUG] root - Found 11 Jobs to Delete
2018-09-22 10:39:40,247 [DEBUG] root - Deleting 11 Jobs
2018-09-22 10:39:40,458 [INFO] root - Notifying Recipients
2018-09-22 10:39:40,459 [INFO] root - Closing DB Connection
